# JRE version: OpenJDK Runtime Environment Temurin-21.0.7+6 (21.0.7+6) (build 21.0.7+6-LTS)
# Java VM: OpenJDK 64-Bit Server VM Temurin-21.0.7+6 (21.0.7+6-LTS, mixed mode, emulated-client, sharing, tiered, compressed oops, compressed class ptrs, g1 gc, windows-amd64)
GC Precious Log:
 CardTable entry size: 512
 Card Set container configuration: InlinePtr #cards 5 size 8 Array Of Cards #cards 12 size 40 Howl #buckets 4 coarsen threshold 1843 Howl Bitmap #cards 512 size 80 coarsen threshold 460 Card regions per heap region 1 cards per card region 2048
 CPUs: 4 total, 4 available
 Memory: 8072M
 Large Page Support: Disabled
 NUMA Support: Disabled
 Compressed Oops: Enabled (32-bit)
 Heap Region Size: 1M
 Heap Min Capacity: 8M
 Heap Initial Capacity: 128M
 Heap Max Capacity: 2020M
 Pre-touch: Disabled
 Parallel Workers: 4
 Concurrent Workers: 1
 Concurrent Refinement Workers: 4
 Periodic GC: Disabled
Heap:
 garbage-first heap   total 65536K, used 39061K [0x0000000081c00000, 0x0000000100000000)
  region size 1024K, 14 young (14336K), 2 survivors (2048K)
 Metaspace       used 62612K, committed 63232K, reserved 1114112K
  class space    used 8796K, committed 9088K, reserved 1048576K
GC Heap History (20 events):
Event: 4.117 GC heap before
{Heap before GC invocations=3 (full 0):
 garbage-first heap   total 131072K, used 45252K [0x0000000081c00000, 0x0000000100000000)
  region size 1024K, 39 young (39936K), 4 survivors (4096K)
 Metaspace       used 21119K, committed 21504K, reserved 1114112K
  class space    used 2871K, committed 3072K, reserved 1048576K
}
Event: 4.130 GC heap after
{Heap after GC invocations=4 (full 0):
 garbage-first heap   total 131072K, used 13876K [0x0000000081c00000, 0x0000000100000000)
  region size 1024K, 7 young (7168K), 7 survivors (7168K)
 Metaspace       used 21119K, committed 21504K, reserved 1114112K
  class space    used 2871K, committed 3072K, reserved 1048576K
}
Event: 4.712 GC heap before
{Heap before GC invocations=5 (full 0):
 garbage-first heap   total 51200K, used 37428K [0x0000000081c00000, 0x0000000100000000)
  region size 1024K, 30 young (30720K), 7 survivors (7168K)
 Metaspace       used 23673K, committed 24128K, reserved 1114112K
  class space    used 3229K, committed 3456K, reserved 1048576K
}
Event: 4.737 GC heap after
{Heap after GC invocations=6 (full 0):
 garbage-first heap   total 51200K, used 16629K [0x0000000081c00000, 0x0000000100000000)
  region size 1024K, 3 young (3072K), 3 survivors (3072K)
 Metaspace       used 23673K, committed 24128K, reserved 1114112K
  class space    used 3229K, committed 3456K, reserved 1048576K
}
Event: 5.616 GC heap before
{Heap before GC invocations=6 (full 0):
 garbage-first heap   total 51200K, used 39157K [0x0000000081c00000, 0x0000000100000000)
  region size 1024K, 25 young (25600K), 3 survivors (3072K)
 Metaspace       used 26464K, committed 27008K, reserved 1114112K
  class space    used 3634K, committed 3904K, reserved 1048576K
}
Event: 5.642 GC heap after
{Heap after GC invocations=7 (full 0):
 garbage-first heap   total 51200K, used 18793K [0x0000000081c00000, 0x0000000100000000)
  region size 1024K, 2 young (2048K), 2 survivors (2048K)
 Metaspace       used 26464K, committed 27008K, reserved 1114112K
  class space    used 3634K, committed 3904K, reserved 1048576K
}
Event: 6.673 GC heap before
{Heap before GC invocations=7 (full 0):
 garbage-first heap   total 51200K, used 41321K [0x0000000081c00000, 0x0000000100000000)
  region size 1024K, 24 young (24576K), 2 survivors (2048K)
 Metaspace       used 30005K, committed 30528K, reserved 1114112K
  class space    used 4173K, committed 4416K, reserved 1048576K
}
Event: 6.711 GC heap after
{Heap after GC invocations=8 (full 0):
 garbage-first heap   total 51200K, used 20881K [0x0000000081c00000, 0x0000000100000000)
  region size 1024K, 3 young (3072K), 3 survivors (3072K)
 Metaspace       used 30005K, committed 30528K, reserved 1114112K
  class space    used 4173K, committed 4416K, reserved 1048576K
}
Event: 8.268 GC heap before
{Heap before GC invocations=8 (full 0):
 garbage-first heap   total 51200K, used 42385K [0x0000000081c00000, 0x0000000100000000)
  region size 1024K, 24 young (24576K), 3 survivors (3072K)
 Metaspace       used 33564K, committed 34176K, reserved 1114112K
  class space    used 4666K, committed 4928K, reserved 1048576K
}
Event: 8.277 GC heap after
{Heap after GC invocations=9 (full 0):
 garbage-first heap   total 65536K, used 23252K [0x0000000081c00000, 0x0000000100000000)
  region size 1024K, 3 young (3072K), 3 survivors (3072K)
 Metaspace       used 33564K, committed 34176K, reserved 1114112K
  class space    used 4666K, committed 4928K, reserved 1048576K
}
Event: 8.663 GC heap before
{Heap before GC invocations=9 (full 0):
 garbage-first heap   total 65536K, used 31444K [0x0000000081c00000, 0x0000000100000000)
  region size 1024K, 12 young (12288K), 3 survivors (3072K)
 Metaspace       used 35663K, committed 36288K, reserved 1114112K
  class space    used 4934K, committed 5248K, reserved 1048576K
}
Event: 8.670 GC heap after
{Heap after GC invocations=10 (full 0):
 garbage-first heap   total 65536K, used 23242K [0x0000000081c00000, 0x0000000100000000)
  region size 1024K, 3 young (3072K), 3 survivors (3072K)
 Metaspace       used 35663K, committed 36288K, reserved 1114112K
  class space    used 4934K, committed 5248K, reserved 1048576K
}
Event: 11.566 GC heap before
{Heap before GC invocations=11 (full 0):
 garbage-first heap   total 65536K, used 56010K [0x0000000081c00000, 0x0000000100000000)
  region size 1024K, 35 young (35840K), 3 survivors (3072K)
 Metaspace       used 46135K, committed 46720K, reserved 1114112K
  class space    used 6358K, committed 6592K, reserved 1048576K
}
Event: 11.577 GC heap after
{Heap after GC invocations=12 (full 0):
 garbage-first heap   total 65536K, used 25994K [0x0000000081c00000, 0x0000000100000000)
  region size 1024K, 5 young (5120K), 5 survivors (5120K)
 Metaspace       used 46135K, committed 46720K, reserved 1114112K
  class space    used 6358K, committed 6592K, reserved 1048576K
}
Event: 13.164 GC heap before
{Heap before GC invocations=12 (full 0):
 garbage-first heap   total 65536K, used 55690K [0x0000000081c00000, 0x0000000100000000)
  region size 1024K, 34 young (34816K), 5 survivors (5120K)
 Metaspace       used 52360K, committed 53056K, reserved 1114112K
  class space    used 7172K, committed 7488K, reserved 1048576K
}
Event: 13.179 GC heap after
{Heap after GC invocations=13 (full 0):
 garbage-first heap   total 65536K, used 27379K [0x0000000081c00000, 0x0000000100000000)
  region size 1024K, 5 young (5120K), 5 survivors (5120K)
 Metaspace       used 52360K, committed 53056K, reserved 1114112K
  class space    used 7172K, committed 7488K, reserved 1048576K
}
Event: 14.427 GC heap before
{Heap before GC invocations=13 (full 0):
 garbage-first heap   total 65536K, used 54003K [0x0000000081c00000, 0x0000000100000000)
  region size 1024K, 32 young (32768K), 5 survivors (5120K)
 Metaspace       used 59355K, committed 60032K, reserved 1114112K
  class space    used 8271K, committed 8576K, reserved 1048576K
}
Event: 14.439 GC heap after
{Heap after GC invocations=14 (full 0):
 garbage-first heap   total 65536K, used 28446K [0x0000000081c00000, 0x0000000100000000)
  region size 1024K, 3 young (3072K), 3 survivors (3072K)
 Metaspace       used 59355K, committed 60032K, reserved 1114112K
  class space    used 8271K, committed 8576K, reserved 1048576K
}
Event: 14.614 GC heap before
{Heap before GC invocations=14 (full 0):
 garbage-first heap   total 65536K, used 32542K [0x0000000081c00000, 0x0000000100000000)
  region size 1024K, 8 young (8192K), 3 survivors (3072K)
 Metaspace       used 60528K, committed 61120K, reserved 1114112K
  class space    used 8436K, committed 8704K, reserved 1048576K
}
Event: 14.620 GC heap after
{Heap after GC invocations=15 (full 0):
 garbage-first heap   total 65536K, used 28821K [0x0000000081c00000, 0x0000000100000000)
  region size 1024K, 2 young (2048K), 2 survivors (2048K)
 Metaspace       used 60528K, committed 61120K, reserved 1114112K
  class space    used 8436K, committed 8704K, reserved 1048576K
}

