# JRE version: OpenJDK Runtime Environment Temurin-21.0.7+6 (21.0.7+6) (build 21.0.7+6-LTS)
# Java VM: OpenJDK 64-Bit Server VM Temurin-21.0.7+6 (21.0.7+6-LTS, mixed mode, emulated-client, sharing, tiered, compressed oops, compressed class ptrs, g1 gc, windows-amd64)
GC Precious Log:
 CardTable entry size: 512
 Card Set container configuration: InlinePtr #cards 5 size 8 Array Of Cards #cards 12 size 40 Howl #buckets 4 coarsen threshold 1843 Howl Bitmap #cards 512 size 80 coarsen threshold 460 Card regions per heap region 1 cards per card region 2048
 CPUs: 4 total, 4 available
 Memory: 8072M
 Large Page Support: Disabled
 NUMA Support: Disabled
 Compressed Oops: Enabled (32-bit)
 Heap Region Size: 1M
 Heap Min Capacity: 8M
 Heap Initial Capacity: 128M
 Heap Max Capacity: 2020M
 Pre-touch: Disabled
 Parallel Workers: 4
 Concurrent Workers: 1
 Concurrent Refinement Workers: 4
 Periodic GC: Disabled
Heap:
 garbage-first heap   total 61440K, used 51769K [0x0000000081c00000, 0x0000000100000000)
  region size 1024K, 26 young (26624K), 4 survivors (4096K)
 Metaspace       used 68262K, committed 68928K, reserved 1114112K
  class space    used 9607K, committed 9920K, reserved 1048576K
GC Heap History (20 events):
Event: 3.289 GC heap before
{Heap before GC invocations=3 (full 0):
 garbage-first heap   total 131072K, used 44244K [0x0000000081c00000, 0x0000000100000000)
  region size 1024K, 38 young (38912K), 4 survivors (4096K)
 Metaspace       used 21159K, committed 21504K, reserved 1114112K
  class space    used 2841K, committed 3008K, reserved 1048576K
}
Event: 3.303 GC heap after
{Heap after GC invocations=4 (full 0):
 garbage-first heap   total 131072K, used 13690K [0x0000000081c00000, 0x0000000100000000)
  region size 1024K, 7 young (7168K), 7 survivors (7168K)
 Metaspace       used 21159K, committed 21504K, reserved 1114112K
  class space    used 2841K, committed 3008K, reserved 1048576K
}
Event: 3.832 GC heap before
{Heap before GC invocations=5 (full 0):
 garbage-first heap   total 51200K, used 36218K [0x0000000081c00000, 0x0000000100000000)
  region size 1024K, 30 young (30720K), 7 survivors (7168K)
 Metaspace       used 23580K, committed 24064K, reserved 1114112K
  class space    used 3223K, committed 3456K, reserved 1048576K
}
Event: 3.855 GC heap after
{Heap after GC invocations=6 (full 0):
 garbage-first heap   total 51200K, used 16968K [0x0000000081c00000, 0x0000000100000000)
  region size 1024K, 3 young (3072K), 3 survivors (3072K)
 Metaspace       used 23580K, committed 24064K, reserved 1114112K
  class space    used 3223K, committed 3456K, reserved 1048576K
}
Event: 4.595 GC heap before
{Heap before GC invocations=6 (full 0):
 garbage-first heap   total 51200K, used 39496K [0x0000000081c00000, 0x0000000100000000)
  region size 1024K, 25 young (25600K), 3 survivors (3072K)
 Metaspace       used 26527K, committed 27008K, reserved 1114112K
  class space    used 3654K, committed 3904K, reserved 1048576K
}
Event: 4.606 GC heap after
{Heap after GC invocations=7 (full 0):
 garbage-first heap   total 51200K, used 18382K [0x0000000081c00000, 0x0000000100000000)
  region size 1024K, 2 young (2048K), 2 survivors (2048K)
 Metaspace       used 26527K, committed 27008K, reserved 1114112K
  class space    used 3654K, committed 3904K, reserved 1048576K
}
Event: 5.410 GC heap before
{Heap before GC invocations=7 (full 0):
 garbage-first heap   total 51200K, used 41934K [0x0000000081c00000, 0x0000000100000000)
  region size 1024K, 25 young (25600K), 2 survivors (2048K)
 Metaspace       used 30291K, committed 30784K, reserved 1114112K
  class space    used 4254K, committed 4480K, reserved 1048576K
}
Event: 5.426 GC heap after
{Heap after GC invocations=8 (full 0):
 garbage-first heap   total 61440K, used 20480K [0x0000000081c00000, 0x0000000100000000)
  region size 1024K, 4 young (4096K), 4 survivors (4096K)
 Metaspace       used 30291K, committed 30784K, reserved 1114112K
  class space    used 4254K, committed 4480K, reserved 1048576K
}
Event: 6.362 GC heap before
{Heap before GC invocations=8 (full 0):
 garbage-first heap   total 61440K, used 46080K [0x0000000081c00000, 0x0000000100000000)
  region size 1024K, 31 young (31744K), 4 survivors (4096K)
 Metaspace       used 35650K, committed 36288K, reserved 1114112K
  class space    used 4935K, committed 5248K, reserved 1048576K
}
Event: 6.373 GC heap after
{Heap after GC invocations=9 (full 0):
 garbage-first heap   total 61440K, used 22752K [0x0000000081c00000, 0x0000000100000000)
  region size 1024K, 5 young (5120K), 5 survivors (5120K)
 Metaspace       used 35650K, committed 36288K, reserved 1114112K
  class space    used 4935K, committed 5248K, reserved 1048576K
}
Event: 7.262 GC heap before
{Heap before GC invocations=10 (full 0):
 garbage-first heap   total 61440K, used 51424K [0x0000000081c00000, 0x0000000100000000)
  region size 1024K, 33 young (33792K), 5 survivors (5120K)
 Metaspace       used 42269K, committed 42816K, reserved 1114112K
  class space    used 5914K, committed 6144K, reserved 1048576K
}
Event: 7.272 GC heap after
{Heap after GC invocations=11 (full 0):
 garbage-first heap   total 61440K, used 24897K [0x0000000081c00000, 0x0000000100000000)
  region size 1024K, 5 young (5120K), 5 survivors (5120K)
 Metaspace       used 42269K, committed 42816K, reserved 1114112K
  class space    used 5914K, committed 6144K, reserved 1048576K
}
Event: 8.575 GC heap before
{Heap before GC invocations=11 (full 0):
 garbage-first heap   total 61440K, used 52545K [0x0000000081c00000, 0x0000000100000000)
  region size 1024K, 32 young (32768K), 5 survivors (5120K)
 Metaspace       used 51375K, committed 52096K, reserved 1114112K
  class space    used 7041K, committed 7360K, reserved 1048576K
}
Event: 8.587 GC heap after
{Heap after GC invocations=12 (full 0):
 garbage-first heap   total 61440K, used 26803K [0x0000000081c00000, 0x0000000100000000)
  region size 1024K, 3 young (3072K), 3 survivors (3072K)
 Metaspace       used 51375K, committed 52096K, reserved 1114112K
  class space    used 7041K, committed 7360K, reserved 1048576K
}
Event: 9.431 GC heap before
{Heap before GC invocations=12 (full 0):
 garbage-first heap   total 61440K, used 51379K [0x0000000081c00000, 0x0000000100000000)
  region size 1024K, 28 young (28672K), 3 survivors (3072K)
 Metaspace       used 57961K, committed 58560K, reserved 1114112K
  class space    used 8049K, committed 8320K, reserved 1048576K
}
Event: 9.438 GC heap after
{Heap after GC invocations=13 (full 0):
 garbage-first heap   total 61440K, used 27873K [0x0000000081c00000, 0x0000000100000000)
  region size 1024K, 4 young (4096K), 4 survivors (4096K)
 Metaspace       used 57961K, committed 58560K, reserved 1114112K
  class space    used 8049K, committed 8320K, reserved 1048576K
}
Event: 9.905 GC heap before
{Heap before GC invocations=13 (full 0):
 garbage-first heap   total 61440K, used 38113K [0x0000000081c00000, 0x0000000100000000)
  region size 1024K, 16 young (16384K), 4 survivors (4096K)
 Metaspace       used 60486K, committed 61120K, reserved 1114112K
  class space    used 8430K, committed 8768K, reserved 1048576K
}
Event: 9.915 GC heap after
{Heap after GC invocations=14 (full 0):
 garbage-first heap   total 61440K, used 28064K [0x0000000081c00000, 0x0000000100000000)
  region size 1024K, 2 young (2048K), 2 survivors (2048K)
 Metaspace       used 60486K, committed 61120K, reserved 1114112K
  class space    used 8430K, committed 8768K, reserved 1048576K
}
Event: 12.480 GC heap before
{Heap before GC invocations=15 (full 0):
 garbage-first heap   total 61440K, used 54688K [0x0000000081c00000, 0x0000000100000000)
  region size 1024K, 28 young (28672K), 2 survivors (2048K)
 Metaspace       used 65551K, committed 66240K, reserved 1114112K
  class space    used 9166K, committed 9472K, reserved 1048576K
}
Event: 12.502 GC heap after
{Heap after GC invocations=16 (full 0):
 garbage-first heap   total 61440K, used 30265K [0x0000000081c00000, 0x0000000100000000)
  region size 1024K, 4 young (4096K), 4 survivors (4096K)
 Metaspace       used 65551K, committed 66240K, reserved 1114112K
  class space    used 9166K, committed 9472K, reserved 1048576K
}

